2024/07/25 23:26:47 Server started at :8080
2024/07/25 23:26:59 GET /api/payments2 [::1]:60783
2024/07/25 23:26:59 404 - GET /api/payments2 [::1]:60783
2024/07/25 23:26:59 Completed in 82.167µs
2024/07/25 23:26:59 GET /favicon.ico [::1]:60783
2024/07/25 23:26:59 404 - GET /favicon.ico [::1]:60783
2024/07/25 23:26:59 Completed in 58µs
2024/07/25 23:27:07 GET /api/payments [::1]:60783
2024/07/25 23:27:07 Completed in 116.25µs
2024/07/25 23:27:10 GET /api/payment [::1]:60783
2024/07/25 23:27:10 404 - GET /api/payment [::1]:60783
2024/07/25 23:27:10 Completed in 72.583µs
2024/07/25 23:27:12 GET /api/payments/1 [::1]:60783
2024/07/25 23:27:12 404 - GET /api/payments/1 [::1]:60783
2024/07/25 23:27:12 Completed in 55.584µs
2024/07/25 23:27:15 GET /api/payments [::1]:60783
2024/07/25 23:27:15 Completed in 128.458µs
2024/07/25 23:28:18 GET /api/payments [::1]:60783
2024/07/25 23:28:18 Completed in 115.542µs
2024/07/25 23:33:01 Server started at :8080
2024/07/25 23:33:07 GET /api/payments [::1]:60847
2024/07/25 23:33:07 Completed in 152.125µs
2024/07/25 23:33:08 GET /api/payments [::1]:60847
2024/07/25 23:33:08 Completed in 145.417µs
2024/07/25 23:33:14 GET /api/payments [::1]:60847
2024/07/25 23:33:14 Completed in 98.791µs
2024/07/25 23:33:21 404 - GET /api/payments%D0%B0%D1%86%D1%84%D0%B0 [::1]:60847
2024/07/25 23:33:32 GET /api/payments [::1]:60847
2024/07/25 23:33:32 Completed in 99.834µs
